00:00:27.717 [32m[main][0;39m [31mWARN [0;39m o.s.boot.StartupInfoLogger - InetAddress.getLocalHost().getHostName() took 5001 milliseconds to respond. Please verify your network configuration (macOS machines may need to add entries to /etc/hosts).
00:00:32.733 [32m[main][0;39m [34mINFO [0;39m com.danamon.RekeningKoranApplication - Starting RekeningKoranApplication on Tamys-MacBook-Pro.local with PID 53530 (/Users/tamysihotang/Documents/Danamon/Rekening Koran/target/classes started by tamysihotang in /Users/tamysihotang/Documents/Danamon/Rekening Koran)
00:00:32.734 [32m[main][0;39m [39mDEBUG[0;39m com.danamon.RekeningKoranApplication - Running with Spring Boot v2.2.6.RELEASE, Spring v5.2.5.RELEASE
00:00:32.734 [32m[main][0;39m [34mINFO [0;39m com.danamon.RekeningKoranApplication - The following profiles are active: staging
00:00:36.947 [32m[main][0;39m [34mINFO [0;39m o.s.d.r.c.RepositoryConfigurationDelegate - Bootstrapping Spring Data repositories in DEFAULT mode.
00:00:37.356 [32m[main][0;39m [34mINFO [0;39m o.s.d.r.c.RepositoryConfigurationDelegate - Finished Spring Data repository scanning in 349ms. Found 3 repository interfaces.
00:00:38.327 [32m[main][0;39m [31mWARN [0;39m o.m.s.mapper.ClassPathMapperScanner - No MyBatis mapper was found in '[com.danamon]' package. Please check your configuration.
00:00:42.476 [32m[main][0;39m [34mINFO [0;39m o.s.b.w.e.tomcat.TomcatWebServer - Tomcat initialized with port(s): 7011 (http)
00:00:42.491 [32m[main][0;39m [34mINFO [0;39m o.a.coyote.http11.Http11NioProtocol - Initializing ProtocolHandler ["http-nio-7011"]
00:00:42.493 [32m[main][0;39m [34mINFO [0;39m o.a.catalina.core.StandardService - Starting service [Tomcat]
00:00:42.494 [32m[main][0;39m [34mINFO [0;39m o.a.catalina.core.StandardEngine - Starting Servlet engine: [Apache Tomcat/9.0.33]
00:00:43.732 [32m[main][0;39m [34mINFO [0;39m o.a.c.c.C.[Tomcat].[localhost].[/] - Initializing Spring embedded WebApplicationContext
00:00:43.732 [32m[main][0;39m [34mINFO [0;39m o.s.web.context.ContextLoader - Root WebApplicationContext: initialization completed in 10905 ms
00:00:47.003 [32m[main][0;39m [39mDEBUG[0;39m c.d.c.RequestFilterConfiguration - Filter 'requestFilterConfiguration' configured for use
00:00:47.276 [32m[main][0;39m [34mINFO [0;39m o.h.jpa.internal.util.LogHelper - HHH000204: Processing PersistenceUnitInfo [name: entityManagerFactory]
00:00:47.680 [32m[main][0;39m [34mINFO [0;39m org.hibernate.Version - HHH000412: Hibernate ORM core version 5.4.12.Final
00:00:48.400 [32m[main][0;39m [34mINFO [0;39m o.h.annotations.common.Version - HCANN000001: Hibernate Commons Annotations {5.1.0.Final}
00:00:50.218 [32m[main][0;39m [34mINFO [0;39m org.hibernate.dialect.Dialect - HHH000400: Using dialect: org.hibernate.dialect.PostgreSQLDialect
00:00:56.073 [32m[main][0;39m [34mINFO [0;39m o.h.e.t.j.p.i.JtaPlatformInitiator - HHH000490: Using JtaPlatform implementation: [org.hibernate.engine.transaction.jta.platform.internal.NoJtaPlatform]
00:00:56.088 [32m[main][0;39m [34mINFO [0;39m o.s.o.j.LocalContainerEntityManagerFactoryBean - Initialized JPA EntityManagerFactory for persistence unit 'entityManagerFactory'
00:00:56.785 [32m[main][0;39m [31mWARN [0;39m o.s.b.a.o.j.JpaBaseConfiguration$JpaWebConfiguration - spring.jpa.open-in-view is enabled by default. Therefore, database queries may be performed during view rendering. Explicitly configure spring.jpa.open-in-view to disable this warning
00:01:03.821 [32m[main][0;39m [34mINFO [0;39m o.s.b.a.e.web.EndpointLinksResolver - Exposing 2 endpoint(s) beneath base path '/actuator'
00:01:04.587 [32m[main][0;39m [34mINFO [0;39m o.s.b.a.s.s.UserDetailsServiceAutoConfiguration - 

Using generated security password: 1506e446-f02c-482b-a463-5213bd80c2d4

00:01:05.131 [32m[main][0;39m [34mINFO [0;39m s.d.s.w.PropertySourcedRequestMappingHandlerMapping - Mapped URL path [/v2/api-docs] onto method [springfox.documentation.swagger2.web.Swagger2Controller#getDocumentation(String, HttpServletRequest)]
00:01:05.504 [32m[main][0;39m [34mINFO [0;39m o.s.s.web.DefaultSecurityFilterChain - Creating filter chain: any request, [org.springframework.security.web.context.request.async.WebAsyncManagerIntegrationFilter@20ee660b, org.springframework.security.web.context.SecurityContextPersistenceFilter@62818ab0, org.springframework.security.web.header.HeaderWriterFilter@6079d219, org.springframework.web.filter.CorsFilter@40e41f88, org.springframework.security.web.authentication.logout.LogoutFilter@5f662dd, org.springframework.security.web.savedrequest.RequestCacheAwareFilter@3c070ade, org.springframework.security.web.servletapi.SecurityContextHolderAwareRequestFilter@22ea09b7, org.springframework.security.web.authentication.AnonymousAuthenticationFilter@27b7913, org.springframework.security.web.session.SessionManagementFilter@4cb939d5, org.springframework.security.web.access.ExceptionTranslationFilter@4e9d1119]
00:01:05.719 [32m[main][0;39m [34mINFO [0;39m o.s.s.c.ThreadPoolTaskExecutor - Initializing ExecutorService 'applicationTaskExecutor'
00:01:07.879 [32m[main][0;39m [34mINFO [0;39m o.s.u.f.SpringTemplateLoader - SpringTemplateLoader for FreeMarker: using resource loader [org.springframework.boot.web.servlet.context.AnnotationConfigServletWebServerApplicationContext@72c28d64, started on Fri Nov 11 00:00:32 WIB 2022] and template loader path [classpath:/templates/]
00:01:07.949 [32m[main][0;39m [31mWARN [0;39m o.s.b.a.f.FreeMarkerAutoConfiguration - Cannot find template location(s): [classpath:/templates/] (please add some templates, check your FreeMarker configuration, or set spring.freemarker.checkTemplateLocation=false)
00:01:08.240 [32m[main][0;39m [34mINFO [0;39m s.d.s.w.p.DocumentationPluginsBootstrapper - Context refreshed
00:01:08.296 [32m[main][0;39m [34mINFO [0;39m s.d.s.w.p.DocumentationPluginsBootstrapper - Found 1 custom documentation plugin(s)
00:01:08.522 [32m[main][0;39m [34mINFO [0;39m s.d.s.w.s.ApiListingReferenceScanner - Scanning for api listing references
00:01:09.368 [32m[main][0;39m [34mINFO [0;39m o.a.coyote.http11.Http11NioProtocol - Starting ProtocolHandler ["http-nio-7011"]
00:01:09.473 [32m[main][0;39m [34mINFO [0;39m o.s.b.w.e.tomcat.TomcatWebServer - Tomcat started on port(s): 7011 (http) with context path ''
00:01:09.501 [32m[main][0;39m [34mINFO [0;39m com.danamon.RekeningKoranApplication - Started RekeningKoranApplication in 59.181 seconds (JVM running for 62.0)
00:01:15.221 [32m[http-nio-7011-exec-2][0;39m [34mINFO [0;39m o.a.c.c.C.[Tomcat].[localhost].[/] - Initializing Spring DispatcherServlet 'dispatcherServlet'
00:01:15.224 [32m[http-nio-7011-exec-2][0;39m [34mINFO [0;39m o.s.web.servlet.DispatcherServlet - Initializing Servlet 'dispatcherServlet'
00:01:15.249 [32m[http-nio-7011-exec-2][0;39m [34mINFO [0;39m o.s.web.servlet.DispatcherServlet - Completed initialization in 25 ms
00:01:15.405 [32m[http-nio-7011-exec-2][0;39m [34mINFO [0;39m c.d.c.RequestFilterConfiguration - 0:0:0:0:0:0:0:1|> POST /api/rekening-koran/upload
00:01:25.393 [32m[http-nio-7011-exec-3][0;39m [34mINFO [0;39m c.d.c.RequestFilterConfiguration - 0:0:0:0:0:0:0:1|> POST /api/rekening-koran/upload
00:02:50.173 [32m[http-nio-7011-exec-3][0;39m [1;31mERROR[0;39m c.d.e.GlobalDefaultExceptionHandler - endpoint :: POST http://localhost:7011/api/rekening-koran/upload
00:02:50.179 [32m[http-nio-7011-exec-3][0;39m [1;31mERROR[0;39m c.d.e.GlobalDefaultExceptionHandler - Caused by:: java.lang.NullPointerException
00:02:50.193 [32m[http-nio-7011-exec-3][0;39m [1;31mERROR[0;39m c.d.e.GlobalDefaultExceptionHandler - ERROR
java.lang.NullPointerException: null
	at com.danamon.utils.DateUtil.stringPeriodeToDate(DateUtil.java:137)
	at com.danamon.service.impl.BcaServiceImpl.processInsertData(BcaServiceImpl.java:67)
	at com.danamon.service.impl.BcaServiceImpl.lambda$saveDataBca$0(BcaServiceImpl.java:56)
	at java.lang.Iterable.forEach(Iterable.java:75)
	at com.danamon.service.impl.BcaServiceImpl.saveDataBca(BcaServiceImpl.java:55)
	at com.danamon.service.impl.BcaServiceImpl$$FastClassBySpringCGLIB$$ef54344b.invoke(<generated>)
	at org.springframework.cglib.proxy.MethodProxy.invoke(MethodProxy.java:218)
	at org.springframework.aop.framework.CglibAopProxy$CglibMethodInvocation.invokeJoinpoint(CglibAopProxy.java:771)
	at org.springframework.aop.framework.ReflectiveMethodInvocation.proceed(ReflectiveMethodInvocation.java:163)
	at org.springframework.aop.framework.CglibAopProxy$CglibMethodInvocation.proceed(CglibAopProxy.java:749)
	at org.springframework.transaction.interceptor.TransactionAspectSupport.invokeWithinTransaction(TransactionAspectSupport.java:366)
	at org.springframework.transaction.interceptor.TransactionInterceptor.invoke(TransactionInterceptor.java:118)
	at org.springframework.aop.framework.ReflectiveMethodInvocation.proceed(ReflectiveMethodInvocation.java:186)
	at org.springframework.aop.framework.CglibAopProxy$CglibMethodInvocation.proceed(CglibAopProxy.java:749)
	at org.springframework.aop.framework.CglibAopProxy$DynamicAdvisedInterceptor.intercept(CglibAopProxy.java:691)
	at com.danamon.service.impl.BcaServiceImpl$$EnhancerBySpringCGLIB$$b7f551d2.saveDataBca(<generated>)
	at com.danamon.service.impl.RekeningKoranServiceImpl.convertReportRekening(RekeningKoranServiceImpl.java:38)
	at com.danamon.controller.RekeningKoranController$1.processRequest(RekeningKoranController.java:33)
	at com.danamon.controller.AbstractRequestHandler.getResult(AbstractRequestHandler.java:68)
	at com.danamon.controller.RekeningKoranController.uploadFile(RekeningKoranController.java:36)
	at sun.reflect.NativeMethodAccessorImpl.invoke0(Native Method)
	at sun.reflect.NativeMethodAccessorImpl.invoke(NativeMethodAccessorImpl.java:62)
	at sun.reflect.DelegatingMethodAccessorImpl.invoke(DelegatingMethodAccessorImpl.java:43)
	at java.lang.reflect.Method.invoke(Method.java:498)
	at org.springframework.web.method.support.InvocableHandlerMethod.doInvoke(InvocableHandlerMethod.java:190)
	at org.springframework.web.method.support.InvocableHandlerMethod.invokeForRequest(InvocableHandlerMethod.java:138)
	at org.springframework.web.servlet.mvc.method.annotation.ServletInvocableHandlerMethod.invokeAndHandle(ServletInvocableHandlerMethod.java:105)
	at org.springframework.web.servlet.mvc.method.annotation.RequestMappingHandlerAdapter.invokeHandlerMethod(RequestMappingHandlerAdapter.java:879)
	at org.springframework.web.servlet.mvc.method.annotation.RequestMappingHandlerAdapter.handleInternal(RequestMappingHandlerAdapter.java:793)
	at org.springframework.web.servlet.mvc.method.AbstractHandlerMethodAdapter.handle(AbstractHandlerMethodAdapter.java:87)
	at org.springframework.web.servlet.DispatcherServlet.doDispatch(DispatcherServlet.java:1040)
	at org.springframework.web.servlet.DispatcherServlet.doService(DispatcherServlet.java:943)
	at org.springframework.web.servlet.FrameworkServlet.processRequest(FrameworkServlet.java:1006)
	at org.springframework.web.servlet.FrameworkServlet.doPost(FrameworkServlet.java:909)
	at javax.servlet.http.HttpServlet.service(HttpServlet.java:660)
	at org.springframework.web.servlet.FrameworkServlet.service(FrameworkServlet.java:883)
	at javax.servlet.http.HttpServlet.service(HttpServlet.java:741)
	at org.apache.catalina.core.ApplicationFilterChain.internalDoFilter(ApplicationFilterChain.java:231)
	at org.apache.catalina.core.ApplicationFilterChain.doFilter(ApplicationFilterChain.java:166)
	at org.apache.tomcat.websocket.server.WsFilter.doFilter(WsFilter.java:53)
	at org.apache.catalina.core.ApplicationFilterChain.internalDoFilter(ApplicationFilterChain.java:193)
	at org.apache.catalina.core.ApplicationFilterChain.doFilter(ApplicationFilterChain.java:166)
	at com.danamon.config.RequestFilterConfiguration.doFilterWrapped(RequestFilterConfiguration.java:60)
	at com.danamon.config.RequestFilterConfiguration.doFilterInternal(RequestFilterConfiguration.java:48)
	at org.springframework.web.filter.OncePerRequestFilter.doFilter(OncePerRequestFilter.java:119)
	at org.apache.catalina.core.ApplicationFilterChain.internalDoFilter(ApplicationFilterChain.java:193)
	at org.apache.catalina.core.ApplicationFilterChain.doFilter(ApplicationFilterChain.java:166)
	at org.springframework.security.web.FilterChainProxy$VirtualFilterChain.doFilter(FilterChainProxy.java:320)
	at org.springframework.security.web.access.ExceptionTranslationFilter.doFilter(ExceptionTranslationFilter.java:118)
	at org.springframework.security.web.FilterChainProxy$VirtualFilterChain.doFilter(FilterChainProxy.java:334)
	at org.springframework.security.web.session.SessionManagementFilter.doFilter(SessionManagementFilter.java:137)
	at org.springframework.security.web.FilterChainProxy$VirtualFilterChain.doFilter(FilterChainProxy.java:334)
	at org.springframework.security.web.authentication.AnonymousAuthenticationFilter.doFilter(AnonymousAuthenticationFilter.java:111)
	at org.springframework.security.web.FilterChainProxy$VirtualFilterChain.doFilter(FilterChainProxy.java:334)
	at org.springframework.security.web.servletapi.SecurityContextHolderAwareRequestFilter.doFilter(SecurityContextHolderAwareRequestFilter.java:158)
	at org.springframework.security.web.FilterChainProxy$VirtualFilterChain.doFilter(FilterChainProxy.java:334)
	at org.springframework.security.web.savedrequest.RequestCacheAwareFilter.doFilter(RequestCacheAwareFilter.java:63)
	at org.springframework.security.web.FilterChainProxy$VirtualFilterChain.doFilter(FilterChainProxy.java:334)
	at org.springframework.security.web.authentication.logout.LogoutFilter.doFilter(LogoutFilter.java:116)
	at org.springframework.security.web.FilterChainProxy$VirtualFilterChain.doFilter(FilterChainProxy.java:334)
	at org.springframework.web.filter.CorsFilter.doFilterInternal(CorsFilter.java:92)
	at org.springframework.web.filter.OncePerRequestFilter.doFilter(OncePerRequestFilter.java:119)
	at org.springframework.security.web.FilterChainProxy$VirtualFilterChain.doFilter(FilterChainProxy.java:334)
	at org.springframework.security.web.header.HeaderWriterFilter.doHeadersAfter(HeaderWriterFilter.java:92)
	at org.springframework.security.web.header.HeaderWriterFilter.doFilterInternal(HeaderWriterFilter.java:77)
	at org.springframework.web.filter.OncePerRequestFilter.doFilter(OncePerRequestFilter.java:119)
	at org.springframework.security.web.FilterChainProxy$VirtualFilterChain.doFilter(FilterChainProxy.java:334)
	at org.springframework.security.web.context.SecurityContextPersistenceFilter.doFilter(SecurityContextPersistenceFilter.java:105)
	at org.springframework.security.web.FilterChainProxy$VirtualFilterChain.doFilter(FilterChainProxy.java:334)
	at org.springframework.security.web.context.request.async.WebAsyncManagerIntegrationFilter.doFilterInternal(WebAsyncManagerIntegrationFilter.java:56)
	at org.springframework.web.filter.OncePerRequestFilter.doFilter(OncePerRequestFilter.java:119)
	at org.springframework.security.web.FilterChainProxy$VirtualFilterChain.doFilter(FilterChainProxy.java:334)
	at org.springframework.security.web.FilterChainProxy.doFilterInternal(FilterChainProxy.java:215)
	at org.springframework.security.web.FilterChainProxy.doFilter(FilterChainProxy.java:178)
	at org.springframework.web.filter.DelegatingFilterProxy.invokeDelegate(DelegatingFilterProxy.java:358)
	at org.springframework.web.filter.DelegatingFilterProxy.doFilter(DelegatingFilterProxy.java:271)
	at org.apache.catalina.core.ApplicationFilterChain.internalDoFilter(ApplicationFilterChain.java:193)
	at org.apache.catalina.core.ApplicationFilterChain.doFilter(ApplicationFilterChain.java:166)
	at org.springframework.web.filter.RequestContextFilter.doFilterInternal(RequestContextFilter.java:100)
	at org.springframework.web.filter.OncePerRequestFilter.doFilter(OncePerRequestFilter.java:119)
	at org.apache.catalina.core.ApplicationFilterChain.internalDoFilter(ApplicationFilterChain.java:193)
	at org.apache.catalina.core.ApplicationFilterChain.doFilter(ApplicationFilterChain.java:166)
	at org.springframework.web.filter.FormContentFilter.doFilterInternal(FormContentFilter.java:93)
	at org.springframework.web.filter.OncePerRequestFilter.doFilter(OncePerRequestFilter.java:119)
	at org.apache.catalina.core.ApplicationFilterChain.internalDoFilter(ApplicationFilterChain.java:193)
	at org.apache.catalina.core.ApplicationFilterChain.doFilter(ApplicationFilterChain.java:166)
	at org.springframework.boot.actuate.metrics.web.servlet.WebMvcMetricsFilter.doFilterInternal(WebMvcMetricsFilter.java:109)
	at org.springframework.web.filter.OncePerRequestFilter.doFilter(OncePerRequestFilter.java:119)
	at org.apache.catalina.core.ApplicationFilterChain.internalDoFilter(ApplicationFilterChain.java:193)
	at org.apache.catalina.core.ApplicationFilterChain.doFilter(ApplicationFilterChain.java:166)
	at org.springframework.web.filter.CharacterEncodingFilter.doFilterInternal(CharacterEncodingFilter.java:201)
	at org.springframework.web.filter.OncePerRequestFilter.doFilter(OncePerRequestFilter.java:119)
	at org.apache.catalina.core.ApplicationFilterChain.internalDoFilter(ApplicationFilterChain.java:193)
	at org.apache.catalina.core.ApplicationFilterChain.doFilter(ApplicationFilterChain.java:166)
	at org.apache.catalina.core.StandardWrapperValve.invoke(StandardWrapperValve.java:202)
	at org.apache.catalina.core.StandardContextValve.invoke(StandardContextValve.java:96)
	at org.apache.catalina.authenticator.AuthenticatorBase.invoke(AuthenticatorBase.java:541)
	at org.apache.catalina.core.StandardHostValve.invoke(StandardHostValve.java:139)
	at org.apache.catalina.valves.ErrorReportValve.invoke(ErrorReportValve.java:92)
	at org.apache.catalina.core.StandardEngineValve.invoke(StandardEngineValve.java:74)
	at org.apache.catalina.connector.CoyoteAdapter.service(CoyoteAdapter.java:343)
	at org.apache.coyote.http11.Http11Processor.service(Http11Processor.java:373)
	at org.apache.coyote.AbstractProcessorLight.process(AbstractProcessorLight.java:65)
	at org.apache.coyote.AbstractProtocol$ConnectionHandler.process(AbstractProtocol.java:868)
	at org.apache.tomcat.util.net.NioEndpoint$SocketProcessor.doRun(NioEndpoint.java:1594)
	at org.apache.tomcat.util.net.SocketProcessorBase.run(SocketProcessorBase.java:49)
	at java.util.concurrent.ThreadPoolExecutor.runWorker(ThreadPoolExecutor.java:1149)
	at java.util.concurrent.ThreadPoolExecutor$Worker.run(ThreadPoolExecutor.java:624)
	at org.apache.tomcat.util.threads.TaskThread$WrappingRunnable.run(TaskThread.java:61)
	at java.lang.Thread.run(Thread.java:748)
00:02:50.814 [32m[http-nio-7011-exec-3][0;39m [34mINFO [0;39m c.d.c.RequestFilterConfiguration - 0:0:0:0:0:0:0:1|< 500 Internal Server Error
00:02:50.819 [32m[http-nio-7011-exec-3][0;39m [34mINFO [0;39m c.d.c.RequestFilterConfiguration - 0:0:0:0:0:0:0:1|< Vary: Origin
00:02:50.819 [32m[http-nio-7011-exec-3][0;39m [34mINFO [0;39m c.d.c.RequestFilterConfiguration - 0:0:0:0:0:0:0:1|< Vary: Access-Control-Request-Method
00:02:50.819 [32m[http-nio-7011-exec-3][0;39m [34mINFO [0;39m c.d.c.RequestFilterConfiguration - 0:0:0:0:0:0:0:1|< Vary: Access-Control-Request-Headers
00:02:50.820 [32m[http-nio-7011-exec-3][0;39m [34mINFO [0;39m c.d.c.RequestFilterConfiguration - 0:0:0:0:0:0:0:1|< Vary: Origin
00:02:50.820 [32m[http-nio-7011-exec-3][0;39m [34mINFO [0;39m c.d.c.RequestFilterConfiguration - 0:0:0:0:0:0:0:1|< Vary: Access-Control-Request-Method
00:02:50.820 [32m[http-nio-7011-exec-3][0;39m [34mINFO [0;39m c.d.c.RequestFilterConfiguration - 0:0:0:0:0:0:0:1|< Vary: Access-Control-Request-Headers
00:02:50.820 [32m[http-nio-7011-exec-3][0;39m [34mINFO [0;39m c.d.c.RequestFilterConfiguration - 0:0:0:0:0:0:0:1|< Vary: Origin
00:02:50.831 [32m[http-nio-7011-exec-3][0;39m [34mINFO [0;39m c.d.c.RequestFilterConfiguration - 0:0:0:0:0:0:0:1|< Vary: Access-Control-Request-Method
00:02:50.832 [32m[http-nio-7011-exec-3][0;39m [34mINFO [0;39m c.d.c.RequestFilterConfiguration - 0:0:0:0:0:0:0:1|< Vary: Access-Control-Request-Headers
00:02:50.832 [32m[http-nio-7011-exec-3][0;39m [34mINFO [0;39m c.d.c.RequestFilterConfiguration -  --- Response Body ---
00:02:50.846 [32m[http-nio-7011-exec-3][0;39m [34mINFO [0;39m c.d.c.RequestFilterConfiguration - ResponseBody : "{\"message\":\"ERROR\",\"result\":null}"
00:06:35.386 [32m[http-nio-7011-exec-2][0;39m [1;31mERROR[0;39m c.d.e.GlobalDefaultExceptionHandler - endpoint :: POST http://localhost:7011/api/rekening-koran/upload
00:06:35.387 [32m[http-nio-7011-exec-2][0;39m [1;31mERROR[0;39m c.d.e.GlobalDefaultExceptionHandler - Caused by:: java.lang.NullPointerException
00:06:35.387 [32m[http-nio-7011-exec-2][0;39m [1;31mERROR[0;39m c.d.e.GlobalDefaultExceptionHandler - ERROR
java.lang.NullPointerException: null
	at com.danamon.utils.DateUtil.stringPeriodeToDate(DateUtil.java:137)
	at com.danamon.service.impl.BcaServiceImpl.processInsertData(BcaServiceImpl.java:67)
	at com.danamon.service.impl.BcaServiceImpl.lambda$saveDataBca$0(BcaServiceImpl.java:56)
	at java.lang.Iterable.forEach(Iterable.java:75)
	at com.danamon.service.impl.BcaServiceImpl.saveDataBca(BcaServiceImpl.java:55)
	at com.danamon.service.impl.BcaServiceImpl$$FastClassBySpringCGLIB$$ef54344b.invoke(<generated>)
	at org.springframework.cglib.proxy.MethodProxy.invoke(MethodProxy.java:218)
	at org.springframework.aop.framework.CglibAopProxy$CglibMethodInvocation.invokeJoinpoint(CglibAopProxy.java:771)
	at org.springframework.aop.framework.ReflectiveMethodInvocation.proceed(ReflectiveMethodInvocation.java:163)
	at org.springframework.aop.framework.CglibAopProxy$CglibMethodInvocation.proceed(CglibAopProxy.java:749)
	at org.springframework.transaction.interceptor.TransactionAspectSupport.invokeWithinTransaction(TransactionAspectSupport.java:366)
	at org.springframework.transaction.interceptor.TransactionInterceptor.invoke(TransactionInterceptor.java:118)
	at org.springframework.aop.framework.ReflectiveMethodInvocation.proceed(ReflectiveMethodInvocation.java:186)
	at org.springframework.aop.framework.CglibAopProxy$CglibMethodInvocation.proceed(CglibAopProxy.java:749)
	at org.springframework.aop.framework.CglibAopProxy$DynamicAdvisedInterceptor.intercept(CglibAopProxy.java:691)
	at com.danamon.service.impl.BcaServiceImpl$$EnhancerBySpringCGLIB$$b7f551d2.saveDataBca(<generated>)
	at com.danamon.service.impl.RekeningKoranServiceImpl.convertReportRekening(RekeningKoranServiceImpl.java:38)
	at com.danamon.controller.RekeningKoranController$1.processRequest(RekeningKoranController.java:33)
	at com.danamon.controller.AbstractRequestHandler.getResult(AbstractRequestHandler.java:68)
	at com.danamon.controller.RekeningKoranController.uploadFile(RekeningKoranController.java:36)
	at sun.reflect.NativeMethodAccessorImpl.invoke0(Native Method)
	at sun.reflect.NativeMethodAccessorImpl.invoke(NativeMethodAccessorImpl.java:62)
	at sun.reflect.DelegatingMethodAccessorImpl.invoke(DelegatingMethodAccessorImpl.java:43)
	at java.lang.reflect.Method.invoke(Method.java:498)
	at org.springframework.web.method.support.InvocableHandlerMethod.doInvoke(InvocableHandlerMethod.java:190)
	at org.springframework.web.method.support.InvocableHandlerMethod.invokeForRequest(InvocableHandlerMethod.java:138)
	at org.springframework.web.servlet.mvc.method.annotation.ServletInvocableHandlerMethod.invokeAndHandle(ServletInvocableHandlerMethod.java:105)
	at org.springframework.web.servlet.mvc.method.annotation.RequestMappingHandlerAdapter.invokeHandlerMethod(RequestMappingHandlerAdapter.java:879)
	at org.springframework.web.servlet.mvc.method.annotation.RequestMappingHandlerAdapter.handleInternal(RequestMappingHandlerAdapter.java:793)
	at org.springframework.web.servlet.mvc.method.AbstractHandlerMethodAdapter.handle(AbstractHandlerMethodAdapter.java:87)
	at org.springframework.web.servlet.DispatcherServlet.doDispatch(DispatcherServlet.java:1040)
	at org.springframework.web.servlet.DispatcherServlet.doService(DispatcherServlet.java:943)
	at org.springframework.web.servlet.FrameworkServlet.processRequest(FrameworkServlet.java:1006)
	at org.springframework.web.servlet.FrameworkServlet.doPost(FrameworkServlet.java:909)
	at javax.servlet.http.HttpServlet.service(HttpServlet.java:660)
	at org.springframework.web.servlet.FrameworkServlet.service(FrameworkServlet.java:883)
	at javax.servlet.http.HttpServlet.service(HttpServlet.java:741)
	at org.apache.catalina.core.ApplicationFilterChain.internalDoFilter(ApplicationFilterChain.java:231)
	at org.apache.catalina.core.ApplicationFilterChain.doFilter(ApplicationFilterChain.java:166)
	at org.apache.tomcat.websocket.server.WsFilter.doFilter(WsFilter.java:53)
	at org.apache.catalina.core.ApplicationFilterChain.internalDoFilter(ApplicationFilterChain.java:193)
	at org.apache.catalina.core.ApplicationFilterChain.doFilter(ApplicationFilterChain.java:166)
	at com.danamon.config.RequestFilterConfiguration.doFilterWrapped(RequestFilterConfiguration.java:60)
	at com.danamon.config.RequestFilterConfiguration.doFilterInternal(RequestFilterConfiguration.java:48)
	at org.springframework.web.filter.OncePerRequestFilter.doFilter(OncePerRequestFilter.java:119)
	at org.apache.catalina.core.ApplicationFilterChain.internalDoFilter(ApplicationFilterChain.java:193)
	at org.apache.catalina.core.ApplicationFilterChain.doFilter(ApplicationFilterChain.java:166)
	at org.springframework.security.web.FilterChainProxy$VirtualFilterChain.doFilter(FilterChainProxy.java:320)
	at org.springframework.security.web.access.ExceptionTranslationFilter.doFilter(ExceptionTranslationFilter.java:118)
	at org.springframework.security.web.FilterChainProxy$VirtualFilterChain.doFilter(FilterChainProxy.java:334)
	at org.springframework.security.web.session.SessionManagementFilter.doFilter(SessionManagementFilter.java:137)
	at org.springframework.security.web.FilterChainProxy$VirtualFilterChain.doFilter(FilterChainProxy.java:334)
	at org.springframework.security.web.authentication.AnonymousAuthenticationFilter.doFilter(AnonymousAuthenticationFilter.java:111)
	at org.springframework.security.web.FilterChainProxy$VirtualFilterChain.doFilter(FilterChainProxy.java:334)
	at org.springframework.security.web.servletapi.SecurityContextHolderAwareRequestFilter.doFilter(SecurityContextHolderAwareRequestFilter.java:158)
	at org.springframework.security.web.FilterChainProxy$VirtualFilterChain.doFilter(FilterChainProxy.java:334)
	at org.springframework.security.web.savedrequest.RequestCacheAwareFilter.doFilter(RequestCacheAwareFilter.java:63)
	at org.springframework.security.web.FilterChainProxy$VirtualFilterChain.doFilter(FilterChainProxy.java:334)
	at org.springframework.security.web.authentication.logout.LogoutFilter.doFilter(LogoutFilter.java:116)
	at org.springframework.security.web.FilterChainProxy$VirtualFilterChain.doFilter(FilterChainProxy.java:334)
	at org.springframework.web.filter.CorsFilter.doFilterInternal(CorsFilter.java:92)
	at org.springframework.web.filter.OncePerRequestFilter.doFilter(OncePerRequestFilter.java:119)
	at org.springframework.security.web.FilterChainProxy$VirtualFilterChain.doFilter(FilterChainProxy.java:334)
	at org.springframework.security.web.header.HeaderWriterFilter.doHeadersAfter(HeaderWriterFilter.java:92)
	at org.springframework.security.web.header.HeaderWriterFilter.doFilterInternal(HeaderWriterFilter.java:77)
	at org.springframework.web.filter.OncePerRequestFilter.doFilter(OncePerRequestFilter.java:119)
	at org.springframework.security.web.FilterChainProxy$VirtualFilterChain.doFilter(FilterChainProxy.java:334)
	at org.springframework.security.web.context.SecurityContextPersistenceFilter.doFilter(SecurityContextPersistenceFilter.java:105)
	at org.springframework.security.web.FilterChainProxy$VirtualFilterChain.doFilter(FilterChainProxy.java:334)
	at org.springframework.security.web.context.request.async.WebAsyncManagerIntegrationFilter.doFilterInternal(WebAsyncManagerIntegrationFilter.java:56)
	at org.springframework.web.filter.OncePerRequestFilter.doFilter(OncePerRequestFilter.java:119)
	at org.springframework.security.web.FilterChainProxy$VirtualFilterChain.doFilter(FilterChainProxy.java:334)
	at org.springframework.security.web.FilterChainProxy.doFilterInternal(FilterChainProxy.java:215)
	at org.springframework.security.web.FilterChainProxy.doFilter(FilterChainProxy.java:178)
	at org.springframework.web.filter.DelegatingFilterProxy.invokeDelegate(DelegatingFilterProxy.java:358)
	at org.springframework.web.filter.DelegatingFilterProxy.doFilter(DelegatingFilterProxy.java:271)
	at org.apache.catalina.core.ApplicationFilterChain.internalDoFilter(ApplicationFilterChain.java:193)
	at org.apache.catalina.core.ApplicationFilterChain.doFilter(ApplicationFilterChain.java:166)
	at org.springframework.web.filter.RequestContextFilter.doFilterInternal(RequestContextFilter.java:100)
	at org.springframework.web.filter.OncePerRequestFilter.doFilter(OncePerRequestFilter.java:119)
	at org.apache.catalina.core.ApplicationFilterChain.internalDoFilter(ApplicationFilterChain.java:193)
	at org.apache.catalina.core.ApplicationFilterChain.doFilter(ApplicationFilterChain.java:166)
	at org.springframework.web.filter.FormContentFilter.doFilterInternal(FormContentFilter.java:93)
	at org.springframework.web.filter.OncePerRequestFilter.doFilter(OncePerRequestFilter.java:119)
	at org.apache.catalina.core.ApplicationFilterChain.internalDoFilter(ApplicationFilterChain.java:193)
	at org.apache.catalina.core.ApplicationFilterChain.doFilter(ApplicationFilterChain.java:166)
	at org.springframework.boot.actuate.metrics.web.servlet.WebMvcMetricsFilter.doFilterInternal(WebMvcMetricsFilter.java:109)
	at org.springframework.web.filter.OncePerRequestFilter.doFilter(OncePerRequestFilter.java:119)
	at org.apache.catalina.core.ApplicationFilterChain.internalDoFilter(ApplicationFilterChain.java:193)
	at org.apache.catalina.core.ApplicationFilterChain.doFilter(ApplicationFilterChain.java:166)
	at org.springframework.web.filter.CharacterEncodingFilter.doFilterInternal(CharacterEncodingFilter.java:201)
	at org.springframework.web.filter.OncePerRequestFilter.doFilter(OncePerRequestFilter.java:119)
	at org.apache.catalina.core.ApplicationFilterChain.internalDoFilter(ApplicationFilterChain.java:193)
	at org.apache.catalina.core.ApplicationFilterChain.doFilter(ApplicationFilterChain.java:166)
	at org.apache.catalina.core.StandardWrapperValve.invoke(StandardWrapperValve.java:202)
	at org.apache.catalina.core.StandardContextValve.invoke(StandardContextValve.java:96)
	at org.apache.catalina.authenticator.AuthenticatorBase.invoke(AuthenticatorBase.java:541)
	at org.apache.catalina.core.StandardHostValve.invoke(StandardHostValve.java:139)
	at org.apache.catalina.valves.ErrorReportValve.invoke(ErrorReportValve.java:92)
	at org.apache.catalina.core.StandardEngineValve.invoke(StandardEngineValve.java:74)
	at org.apache.catalina.connector.CoyoteAdapter.service(CoyoteAdapter.java:343)
	at org.apache.coyote.http11.Http11Processor.service(Http11Processor.java:373)
	at org.apache.coyote.AbstractProcessorLight.process(AbstractProcessorLight.java:65)
	at org.apache.coyote.AbstractProtocol$ConnectionHandler.process(AbstractProtocol.java:868)
	at org.apache.tomcat.util.net.NioEndpoint$SocketProcessor.doRun(NioEndpoint.java:1594)
	at org.apache.tomcat.util.net.SocketProcessorBase.run(SocketProcessorBase.java:49)
	at java.util.concurrent.ThreadPoolExecutor.runWorker(ThreadPoolExecutor.java:1149)
	at java.util.concurrent.ThreadPoolExecutor$Worker.run(ThreadPoolExecutor.java:624)
	at org.apache.tomcat.util.threads.TaskThread$WrappingRunnable.run(TaskThread.java:61)
	at java.lang.Thread.run(Thread.java:748)
00:14:38.594 [32m[http-nio-7011-exec-2][0;39m [34mINFO [0;39m c.d.c.RequestFilterConfiguration - 0:0:0:0:0:0:0:1|< 500 Internal Server Error
00:14:38.595 [32m[http-nio-7011-exec-2][0;39m [34mINFO [0;39m c.d.c.RequestFilterConfiguration - 0:0:0:0:0:0:0:1|< Vary: Origin
00:14:38.595 [32m[http-nio-7011-exec-2][0;39m [34mINFO [0;39m c.d.c.RequestFilterConfiguration - 0:0:0:0:0:0:0:1|< Vary: Access-Control-Request-Method
00:14:38.595 [32m[http-nio-7011-exec-2][0;39m [34mINFO [0;39m c.d.c.RequestFilterConfiguration - 0:0:0:0:0:0:0:1|< Vary: Access-Control-Request-Headers
00:14:38.595 [32m[http-nio-7011-exec-2][0;39m [34mINFO [0;39m c.d.c.RequestFilterConfiguration - 0:0:0:0:0:0:0:1|< Vary: Origin
00:14:38.595 [32m[http-nio-7011-exec-2][0;39m [34mINFO [0;39m c.d.c.RequestFilterConfiguration - 0:0:0:0:0:0:0:1|< Vary: Access-Control-Request-Method
00:14:38.664 [32m[http-nio-7011-exec-2][0;39m [34mINFO [0;39m c.d.c.RequestFilterConfiguration - 0:0:0:0:0:0:0:1|< Vary: Access-Control-Request-Headers
00:14:38.664 [32m[http-nio-7011-exec-2][0;39m [34mINFO [0;39m c.d.c.RequestFilterConfiguration - 0:0:0:0:0:0:0:1|< Vary: Origin
00:14:38.664 [32m[http-nio-7011-exec-2][0;39m [34mINFO [0;39m c.d.c.RequestFilterConfiguration - 0:0:0:0:0:0:0:1|< Vary: Access-Control-Request-Method
00:14:38.664 [32m[http-nio-7011-exec-2][0;39m [34mINFO [0;39m c.d.c.RequestFilterConfiguration - 0:0:0:0:0:0:0:1|< Vary: Access-Control-Request-Headers
00:14:38.665 [32m[http-nio-7011-exec-2][0;39m [34mINFO [0;39m c.d.c.RequestFilterConfiguration -  --- Response Body ---
00:14:38.666 [32m[http-nio-7011-exec-2][0;39m [34mINFO [0;39m c.d.c.RequestFilterConfiguration - ResponseBody : "{\"message\":\"ERROR\",\"result\":null}"
00:14:57.018 [32m[http-nio-7011-exec-6][0;39m [34mINFO [0;39m c.d.c.RequestFilterConfiguration - 0:0:0:0:0:0:0:1|> POST /api/rekening-koran/upload
00:18:33.908 [32m[http-nio-7011-exec-6][0;39m [1;31mERROR[0;39m c.d.e.GlobalDefaultExceptionHandler - endpoint :: POST http://localhost:7011/api/rekening-koran/upload
00:18:33.909 [32m[http-nio-7011-exec-6][0;39m [1;31mERROR[0;39m c.d.e.GlobalDefaultExceptionHandler - Caused by:: java.lang.NullPointerException
00:18:33.911 [32m[http-nio-7011-exec-6][0;39m [1;31mERROR[0;39m c.d.e.GlobalDefaultExceptionHandler - ERROR
java.lang.NullPointerException: null
	at com.danamon.utils.DateUtil.stringPeriodeToDate(DateUtil.java:137)
	at com.danamon.service.impl.BcaServiceImpl.processInsertData(BcaServiceImpl.java:67)
	at com.danamon.service.impl.BcaServiceImpl.lambda$saveDataBca$0(BcaServiceImpl.java:56)
	at java.lang.Iterable.forEach(Iterable.java:75)
	at com.danamon.service.impl.BcaServiceImpl.saveDataBca(BcaServiceImpl.java:55)
	at com.danamon.service.impl.BcaServiceImpl$$FastClassBySpringCGLIB$$ef54344b.invoke(<generated>)
	at org.springframework.cglib.proxy.MethodProxy.invoke(MethodProxy.java:218)
	at org.springframework.aop.framework.CglibAopProxy$CglibMethodInvocation.invokeJoinpoint(CglibAopProxy.java:771)
	at org.springframework.aop.framework.ReflectiveMethodInvocation.proceed(ReflectiveMethodInvocation.java:163)
	at org.springframework.aop.framework.CglibAopProxy$CglibMethodInvocation.proceed(CglibAopProxy.java:749)
	at org.springframework.transaction.interceptor.TransactionAspectSupport.invokeWithinTransaction(TransactionAspectSupport.java:366)
	at org.springframework.transaction.interceptor.TransactionInterceptor.invoke(TransactionInterceptor.java:118)
	at org.springframework.aop.framework.ReflectiveMethodInvocation.proceed(ReflectiveMethodInvocation.java:186)
	at org.springframework.aop.framework.CglibAopProxy$CglibMethodInvocation.proceed(CglibAopProxy.java:749)
	at org.springframework.aop.framework.CglibAopProxy$DynamicAdvisedInterceptor.intercept(CglibAopProxy.java:691)
	at com.danamon.service.impl.BcaServiceImpl$$EnhancerBySpringCGLIB$$b7f551d2.saveDataBca(<generated>)
	at com.danamon.service.impl.RekeningKoranServiceImpl.convertReportRekening(RekeningKoranServiceImpl.java:38)
	at com.danamon.controller.RekeningKoranController$1.processRequest(RekeningKoranController.java:33)
	at com.danamon.controller.AbstractRequestHandler.getResult(AbstractRequestHandler.java:68)
	at com.danamon.controller.RekeningKoranController.uploadFile(RekeningKoranController.java:36)
	at sun.reflect.NativeMethodAccessorImpl.invoke0(Native Method)
	at sun.reflect.NativeMethodAccessorImpl.invoke(NativeMethodAccessorImpl.java:62)
	at sun.reflect.DelegatingMethodAccessorImpl.invoke(DelegatingMethodAccessorImpl.java:43)
	at java.lang.reflect.Method.invoke(Method.java:498)
	at org.springframework.web.method.support.InvocableHandlerMethod.doInvoke(InvocableHandlerMethod.java:190)
	at org.springframework.web.method.support.InvocableHandlerMethod.invokeForRequest(InvocableHandlerMethod.java:138)
	at org.springframework.web.servlet.mvc.method.annotation.ServletInvocableHandlerMethod.invokeAndHandle(ServletInvocableHandlerMethod.java:105)
	at org.springframework.web.servlet.mvc.method.annotation.RequestMappingHandlerAdapter.invokeHandlerMethod(RequestMappingHandlerAdapter.java:879)
	at org.springframework.web.servlet.mvc.method.annotation.RequestMappingHandlerAdapter.handleInternal(RequestMappingHandlerAdapter.java:793)
	at org.springframework.web.servlet.mvc.method.AbstractHandlerMethodAdapter.handle(AbstractHandlerMethodAdapter.java:87)
	at org.springframework.web.servlet.DispatcherServlet.doDispatch(DispatcherServlet.java:1040)
	at org.springframework.web.servlet.DispatcherServlet.doService(DispatcherServlet.java:943)
	at org.springframework.web.servlet.FrameworkServlet.processRequest(FrameworkServlet.java:1006)
	at org.springframework.web.servlet.FrameworkServlet.doPost(FrameworkServlet.java:909)
	at javax.servlet.http.HttpServlet.service(HttpServlet.java:660)
	at org.springframework.web.servlet.FrameworkServlet.service(FrameworkServlet.java:883)
	at javax.servlet.http.HttpServlet.service(HttpServlet.java:741)
	at org.apache.catalina.core.ApplicationFilterChain.internalDoFilter(ApplicationFilterChain.java:231)
	at org.apache.catalina.core.ApplicationFilterChain.doFilter(ApplicationFilterChain.java:166)
	at org.apache.tomcat.websocket.server.WsFilter.doFilter(WsFilter.java:53)
	at org.apache.catalina.core.ApplicationFilterChain.internalDoFilter(ApplicationFilterChain.java:193)
	at org.apache.catalina.core.ApplicationFilterChain.doFilter(ApplicationFilterChain.java:166)
	at com.danamon.config.RequestFilterConfiguration.doFilterWrapped(RequestFilterConfiguration.java:60)
	at com.danamon.config.RequestFilterConfiguration.doFilterInternal(RequestFilterConfiguration.java:48)
	at org.springframework.web.filter.OncePerRequestFilter.doFilter(OncePerRequestFilter.java:119)
	at org.apache.catalina.core.ApplicationFilterChain.internalDoFilter(ApplicationFilterChain.java:193)
	at org.apache.catalina.core.ApplicationFilterChain.doFilter(ApplicationFilterChain.java:166)
	at org.springframework.security.web.FilterChainProxy$VirtualFilterChain.doFilter(FilterChainProxy.java:320)
	at org.springframework.security.web.access.ExceptionTranslationFilter.doFilter(ExceptionTranslationFilter.java:118)
	at org.springframework.security.web.FilterChainProxy$VirtualFilterChain.doFilter(FilterChainProxy.java:334)
	at org.springframework.security.web.session.SessionManagementFilter.doFilter(SessionManagementFilter.java:137)
	at org.springframework.security.web.FilterChainProxy$VirtualFilterChain.doFilter(FilterChainProxy.java:334)
	at org.springframework.security.web.authentication.AnonymousAuthenticationFilter.doFilter(AnonymousAuthenticationFilter.java:111)
	at org.springframework.security.web.FilterChainProxy$VirtualFilterChain.doFilter(FilterChainProxy.java:334)
	at org.springframework.security.web.servletapi.SecurityContextHolderAwareRequestFilter.doFilter(SecurityContextHolderAwareRequestFilter.java:158)
	at org.springframework.security.web.FilterChainProxy$VirtualFilterChain.doFilter(FilterChainProxy.java:334)
	at org.springframework.security.web.savedrequest.RequestCacheAwareFilter.doFilter(RequestCacheAwareFilter.java:63)
	at org.springframework.security.web.FilterChainProxy$VirtualFilterChain.doFilter(FilterChainProxy.java:334)
	at org.springframework.security.web.authentication.logout.LogoutFilter.doFilter(LogoutFilter.java:116)
	at org.springframework.security.web.FilterChainProxy$VirtualFilterChain.doFilter(FilterChainProxy.java:334)
	at org.springframework.web.filter.CorsFilter.doFilterInternal(CorsFilter.java:92)
	at org.springframework.web.filter.OncePerRequestFilter.doFilter(OncePerRequestFilter.java:119)
	at org.springframework.security.web.FilterChainProxy$VirtualFilterChain.doFilter(FilterChainProxy.java:334)
	at org.springframework.security.web.header.HeaderWriterFilter.doHeadersAfter(HeaderWriterFilter.java:92)
	at org.springframework.security.web.header.HeaderWriterFilter.doFilterInternal(HeaderWriterFilter.java:77)
	at org.springframework.web.filter.OncePerRequestFilter.doFilter(OncePerRequestFilter.java:119)
	at org.springframework.security.web.FilterChainProxy$VirtualFilterChain.doFilter(FilterChainProxy.java:334)
	at org.springframework.security.web.context.SecurityContextPersistenceFilter.doFilter(SecurityContextPersistenceFilter.java:105)
	at org.springframework.security.web.FilterChainProxy$VirtualFilterChain.doFilter(FilterChainProxy.java:334)
	at org.springframework.security.web.context.request.async.WebAsyncManagerIntegrationFilter.doFilterInternal(WebAsyncManagerIntegrationFilter.java:56)
	at org.springframework.web.filter.OncePerRequestFilter.doFilter(OncePerRequestFilter.java:119)
	at org.springframework.security.web.FilterChainProxy$VirtualFilterChain.doFilter(FilterChainProxy.java:334)
	at org.springframework.security.web.FilterChainProxy.doFilterInternal(FilterChainProxy.java:215)
	at org.springframework.security.web.FilterChainProxy.doFilter(FilterChainProxy.java:178)
	at org.springframework.web.filter.DelegatingFilterProxy.invokeDelegate(DelegatingFilterProxy.java:358)
	at org.springframework.web.filter.DelegatingFilterProxy.doFilter(DelegatingFilterProxy.java:271)
	at org.apache.catalina.core.ApplicationFilterChain.internalDoFilter(ApplicationFilterChain.java:193)
	at org.apache.catalina.core.ApplicationFilterChain.doFilter(ApplicationFilterChain.java:166)
	at org.springframework.web.filter.RequestContextFilter.doFilterInternal(RequestContextFilter.java:100)
	at org.springframework.web.filter.OncePerRequestFilter.doFilter(OncePerRequestFilter.java:119)
	at org.apache.catalina.core.ApplicationFilterChain.internalDoFilter(ApplicationFilterChain.java:193)
	at org.apache.catalina.core.ApplicationFilterChain.doFilter(ApplicationFilterChain.java:166)
	at org.springframework.web.filter.FormContentFilter.doFilterInternal(FormContentFilter.java:93)
	at org.springframework.web.filter.OncePerRequestFilter.doFilter(OncePerRequestFilter.java:119)
	at org.apache.catalina.core.ApplicationFilterChain.internalDoFilter(ApplicationFilterChain.java:193)
	at org.apache.catalina.core.ApplicationFilterChain.doFilter(ApplicationFilterChain.java:166)
	at org.springframework.boot.actuate.metrics.web.servlet.WebMvcMetricsFilter.doFilterInternal(WebMvcMetricsFilter.java:109)
	at org.springframework.web.filter.OncePerRequestFilter.doFilter(OncePerRequestFilter.java:119)
	at org.apache.catalina.core.ApplicationFilterChain.internalDoFilter(ApplicationFilterChain.java:193)
	at org.apache.catalina.core.ApplicationFilterChain.doFilter(ApplicationFilterChain.java:166)
	at org.springframework.web.filter.CharacterEncodingFilter.doFilterInternal(CharacterEncodingFilter.java:201)
	at org.springframework.web.filter.OncePerRequestFilter.doFilter(OncePerRequestFilter.java:119)
	at org.apache.catalina.core.ApplicationFilterChain.internalDoFilter(ApplicationFilterChain.java:193)
	at org.apache.catalina.core.ApplicationFilterChain.doFilter(ApplicationFilterChain.java:166)
	at org.apache.catalina.core.StandardWrapperValve.invoke(StandardWrapperValve.java:202)
	at org.apache.catalina.core.StandardContextValve.invoke(StandardContextValve.java:96)
	at org.apache.catalina.authenticator.AuthenticatorBase.invoke(AuthenticatorBase.java:541)
	at org.apache.catalina.core.StandardHostValve.invoke(StandardHostValve.java:139)
	at org.apache.catalina.valves.ErrorReportValve.invoke(ErrorReportValve.java:92)
	at org.apache.catalina.core.StandardEngineValve.invoke(StandardEngineValve.java:74)
	at org.apache.catalina.connector.CoyoteAdapter.service(CoyoteAdapter.java:343)
	at org.apache.coyote.http11.Http11Processor.service(Http11Processor.java:373)
	at org.apache.coyote.AbstractProcessorLight.process(AbstractProcessorLight.java:65)
	at org.apache.coyote.AbstractProtocol$ConnectionHandler.process(AbstractProtocol.java:868)
	at org.apache.tomcat.util.net.NioEndpoint$SocketProcessor.doRun(NioEndpoint.java:1594)
	at org.apache.tomcat.util.net.SocketProcessorBase.run(SocketProcessorBase.java:49)
	at java.util.concurrent.ThreadPoolExecutor.runWorker(ThreadPoolExecutor.java:1149)
	at java.util.concurrent.ThreadPoolExecutor$Worker.run(ThreadPoolExecutor.java:624)
	at org.apache.tomcat.util.threads.TaskThread$WrappingRunnable.run(TaskThread.java:61)
	at java.lang.Thread.run(Thread.java:748)
00:18:34.221 [32m[http-nio-7011-exec-6][0;39m [34mINFO [0;39m c.d.c.RequestFilterConfiguration - 0:0:0:0:0:0:0:1|< 500 Internal Server Error
00:18:34.267 [32m[http-nio-7011-exec-6][0;39m [34mINFO [0;39m c.d.c.RequestFilterConfiguration - 0:0:0:0:0:0:0:1|< Vary: Origin
00:18:34.267 [32m[http-nio-7011-exec-6][0;39m [34mINFO [0;39m c.d.c.RequestFilterConfiguration - 0:0:0:0:0:0:0:1|< Vary: Access-Control-Request-Method
00:18:34.267 [32m[http-nio-7011-exec-6][0;39m [34mINFO [0;39m c.d.c.RequestFilterConfiguration - 0:0:0:0:0:0:0:1|< Vary: Access-Control-Request-Headers
00:18:34.267 [32m[http-nio-7011-exec-6][0;39m [34mINFO [0;39m c.d.c.RequestFilterConfiguration - 0:0:0:0:0:0:0:1|< Vary: Origin
00:18:34.267 [32m[http-nio-7011-exec-6][0;39m [34mINFO [0;39m c.d.c.RequestFilterConfiguration - 0:0:0:0:0:0:0:1|< Vary: Access-Control-Request-Method
00:18:34.267 [32m[http-nio-7011-exec-6][0;39m [34mINFO [0;39m c.d.c.RequestFilterConfiguration - 0:0:0:0:0:0:0:1|< Vary: Access-Control-Request-Headers
00:18:34.268 [32m[http-nio-7011-exec-6][0;39m [34mINFO [0;39m c.d.c.RequestFilterConfiguration - 0:0:0:0:0:0:0:1|< Vary: Origin
00:18:34.404 [32m[http-nio-7011-exec-6][0;39m [34mINFO [0;39m c.d.c.RequestFilterConfiguration - 0:0:0:0:0:0:0:1|< Vary: Access-Control-Request-Method
00:18:34.405 [32m[http-nio-7011-exec-6][0;39m [34mINFO [0;39m c.d.c.RequestFilterConfiguration - 0:0:0:0:0:0:0:1|< Vary: Access-Control-Request-Headers
00:18:34.405 [32m[http-nio-7011-exec-6][0;39m [34mINFO [0;39m c.d.c.RequestFilterConfiguration -  --- Response Body ---
00:18:34.406 [32m[http-nio-7011-exec-6][0;39m [34mINFO [0;39m c.d.c.RequestFilterConfiguration - ResponseBody : "{\"message\":\"ERROR\",\"result\":null}"
00:19:43.652 [32m[http-nio-7011-exec-8][0;39m [34mINFO [0;39m c.d.c.RequestFilterConfiguration - 0:0:0:0:0:0:0:1|> POST /api/rekening-koran/upload
00:29:15.827 [32m[SpringContextShutdownHook][0;39m [34mINFO [0;39m o.s.s.c.ThreadPoolTaskExecutor - Shutting down ExecutorService 'applicationTaskExecutor'
00:29:15.844 [32m[SpringContextShutdownHook][0;39m [34mINFO [0;39m o.s.o.j.LocalContainerEntityManagerFactoryBean - Closing JPA EntityManagerFactory for persistence unit 'entityManagerFactory'
00:29:22.170 [32m[http-nio-7011-exec-8][0;39m [31mWARN [0;39m o.h.e.jdbc.spi.SqlExceptionHelper - SQL Error: 0, SQLState: 08006
00:29:22.171 [32m[http-nio-7011-exec-8][0;39m [1;31mERROR[0;39m o.h.e.jdbc.spi.SqlExceptionHelper - An I/O error occurred while sending to the backend.
00:30:58.346 [32m[main][0;39m [31mWARN [0;39m o.s.boot.StartupInfoLogger - InetAddress.getLocalHost().getHostName() took 5005 milliseconds to respond. Please verify your network configuration (macOS machines may need to add entries to /etc/hosts).
00:33:34.380 [32m[main][0;39m [34mINFO [0;39m com.danamon.RekeningKoranApplication - Starting RekeningKoranApplication on Tamys-MacBook-Pro.local with PID 60888 (/Users/tamysihotang/Documents/Danamon/Rekening Koran/target/classes started by tamysihotang in /Users/tamysihotang/Documents/Danamon/Rekening Koran)
00:33:34.380 [32m[main][0;39m [39mDEBUG[0;39m com.danamon.RekeningKoranApplication - Running with Spring Boot v2.2.6.RELEASE, Spring v5.2.5.RELEASE
00:33:34.381 [32m[main][0;39m [34mINFO [0;39m com.danamon.RekeningKoranApplication - The following profiles are active: staging
00:33:39.444 [32m[main][0;39m [34mINFO [0;39m o.s.d.r.c.RepositoryConfigurationDelegate - Bootstrapping Spring Data repositories in DEFAULT mode.
00:33:39.903 [32m[main][0;39m [34mINFO [0;39m o.s.d.r.c.RepositoryConfigurationDelegate - Finished Spring Data repository scanning in 427ms. Found 3 repository interfaces.
00:33:41.070 [32m[main][0;39m [31mWARN [0;39m o.m.s.mapper.ClassPathMapperScanner - No MyBatis mapper was found in '[com.danamon]' package. Please check your configuration.
00:33:45.924 [32m[main][0;39m [34mINFO [0;39m o.s.b.w.e.tomcat.TomcatWebServer - Tomcat initialized with port(s): 7011 (http)
00:33:46.062 [32m[main][0;39m [34mINFO [0;39m o.a.coyote.http11.Http11NioProtocol - Initializing ProtocolHandler ["http-nio-7011"]
00:33:46.064 [32m[main][0;39m [34mINFO [0;39m o.a.catalina.core.StandardService - Starting service [Tomcat]
00:33:46.064 [32m[main][0;39m [34mINFO [0;39m o.a.catalina.core.StandardEngine - Starting Servlet engine: [Apache Tomcat/9.0.33]
00:33:47.486 [32m[main][0;39m [34mINFO [0;39m o.a.c.c.C.[Tomcat].[localhost].[/] - Initializing Spring embedded WebApplicationContext
00:33:47.489 [32m[main][0;39m [34mINFO [0;39m o.s.web.context.ContextLoader - Root WebApplicationContext: initialization completed in 12994 ms
00:33:51.273 [32m[main][0;39m [39mDEBUG[0;39m c.d.c.RequestFilterConfiguration - Filter 'requestFilterConfiguration' configured for use
00:33:51.631 [32m[main][0;39m [34mINFO [0;39m o.h.jpa.internal.util.LogHelper - HHH000204: Processing PersistenceUnitInfo [name: entityManagerFactory]
00:33:52.040 [32m[main][0;39m [34mINFO [0;39m org.hibernate.Version - HHH000412: Hibernate ORM core version 5.4.12.Final
00:33:53.014 [32m[main][0;39m [34mINFO [0;39m o.h.annotations.common.Version - HCANN000001: Hibernate Commons Annotations {5.1.0.Final}
00:33:55.305 [32m[main][0;39m [34mINFO [0;39m org.hibernate.dialect.Dialect - HHH000400: Using dialect: org.hibernate.dialect.PostgreSQLDialect
00:34:00.999 [32m[main][0;39m [34mINFO [0;39m o.h.e.t.j.p.i.JtaPlatformInitiator - HHH000490: Using JtaPlatform implementation: [org.hibernate.engine.transaction.jta.platform.internal.NoJtaPlatform]
00:34:01.015 [32m[main][0;39m [34mINFO [0;39m o.s.o.j.LocalContainerEntityManagerFactoryBean - Initialized JPA EntityManagerFactory for persistence unit 'entityManagerFactory'
00:34:01.852 [32m[main][0;39m [31mWARN [0;39m o.s.b.a.o.j.JpaBaseConfiguration$JpaWebConfiguration - spring.jpa.open-in-view is enabled by default. Therefore, database queries may be performed during view rendering. Explicitly configure spring.jpa.open-in-view to disable this warning
00:34:07.388 [32m[main][0;39m [34mINFO [0;39m o.s.b.a.e.web.EndpointLinksResolver - Exposing 2 endpoint(s) beneath base path '/actuator'
00:34:07.996 [32m[main][0;39m [34mINFO [0;39m o.s.b.a.s.s.UserDetailsServiceAutoConfiguration - 

Using generated security password: a8c5bb06-e02f-43b0-8d47-e71b4c72a2ec

00:34:08.585 [32m[main][0;39m [34mINFO [0;39m s.d.s.w.PropertySourcedRequestMappingHandlerMapping - Mapped URL path [/v2/api-docs] onto method [springfox.documentation.swagger2.web.Swagger2Controller#getDocumentation(String, HttpServletRequest)]
00:34:08.874 [32m[main][0;39m [34mINFO [0;39m o.s.s.web.DefaultSecurityFilterChain - Creating filter chain: any request, [org.springframework.security.web.context.request.async.WebAsyncManagerIntegrationFilter@6a486afb, org.springframework.security.web.context.SecurityContextPersistenceFilter@4c5ae26d, org.springframework.security.web.header.HeaderWriterFilter@40e41f88, org.springframework.web.filter.CorsFilter@30623109, org.springframework.security.web.authentication.logout.LogoutFilter@109f95b1, org.springframework.security.web.savedrequest.RequestCacheAwareFilter@5dd5422f, org.springframework.security.web.servletapi.SecurityContextHolderAwareRequestFilter@30d3f583, org.springframework.security.web.authentication.AnonymousAuthenticationFilter@138110f8, org.springframework.security.web.session.SessionManagementFilter@3ba6707e, org.springframework.security.web.access.ExceptionTranslationFilter@4ff00844]
00:34:09.361 [32m[main][0;39m [34mINFO [0;39m o.s.s.c.ThreadPoolTaskExecutor - Initializing ExecutorService 'applicationTaskExecutor'
00:34:11.755 [32m[main][0;39m [34mINFO [0;39m o.s.u.f.SpringTemplateLoader - SpringTemplateLoader for FreeMarker: using resource loader [org.springframework.boot.web.servlet.context.AnnotationConfigServletWebServerApplicationContext@71cf1b07, started on Fri Nov 11 00:33:34 WIB 2022] and template loader path [classpath:/templates/]
00:34:11.821 [32m[main][0;39m [31mWARN [0;39m o.s.b.a.f.FreeMarkerAutoConfiguration - Cannot find template location(s): [classpath:/templates/] (please add some templates, check your FreeMarker configuration, or set spring.freemarker.checkTemplateLocation=false)
00:34:12.202 [32m[main][0;39m [34mINFO [0;39m s.d.s.w.p.DocumentationPluginsBootstrapper - Context refreshed
00:34:12.319 [32m[main][0;39m [34mINFO [0;39m s.d.s.w.p.DocumentationPluginsBootstrapper - Found 1 custom documentation plugin(s)
00:34:12.496 [32m[main][0;39m [34mINFO [0;39m s.d.s.w.s.ApiListingReferenceScanner - Scanning for api listing references
00:34:13.454 [32m[main][0;39m [34mINFO [0;39m o.a.coyote.http11.Http11NioProtocol - Starting ProtocolHandler ["http-nio-7011"]
00:34:13.633 [32m[main][0;39m [34mINFO [0;39m o.s.b.w.e.tomcat.TomcatWebServer - Tomcat started on port(s): 7011 (http) with context path ''
00:34:13.689 [32m[main][0;39m [34mINFO [0;39m com.danamon.RekeningKoranApplication - Started RekeningKoranApplication in 212.994 seconds (JVM running for 215.883)
00:34:21.169 [32m[http-nio-7011-exec-2][0;39m [34mINFO [0;39m o.a.c.c.C.[Tomcat].[localhost].[/] - Initializing Spring DispatcherServlet 'dispatcherServlet'
00:34:21.173 [32m[http-nio-7011-exec-2][0;39m [34mINFO [0;39m o.s.web.servlet.DispatcherServlet - Initializing Servlet 'dispatcherServlet'
00:34:21.221 [32m[http-nio-7011-exec-2][0;39m [34mINFO [0;39m o.s.web.servlet.DispatcherServlet - Completed initialization in 47 ms
00:34:21.571 [32m[http-nio-7011-exec-2][0;39m [34mINFO [0;39m c.d.c.RequestFilterConfiguration - 0:0:0:0:0:0:0:1|> POST /api/rekening-koran/upload
00:35:51.515 [32m[http-nio-7011-exec-2][0;39m [34mINFO [0;39m c.d.s.i.GenerateFileExcelServiceImpl - mapMap {HERLUDIANSYAH PANE={1.0E7=1}, DDR:      41707.45={2.776326255E7=1}, BUDIMAN ISKANDAR D={1.084455E7=1}, ELTI SINTYANI={2.5E8=1}, DDR:      13290.78={8847229.22=1}, TOKOPEDIA PT={4.95E7=2}, TAUFAN ZURFYA={684870.0=1}, ADM:00000215764.00={1.0572436E7=1}, DDR:       6963.07={4635086.93=1}, JUWITA LENY={9627750.0=1}, AN PRATAMA={1.2E9=1}, RUDIANTO D S OR DE={7103000.0=2},  /={2.5E7=1}, TONNY HURAY LAY={null=2}, ADM:00000001288.00={63092.0=1}, BUZZLINK STIGMA IN={5.0E8=1}, BRI MULTIFINANCE I={8.56748137E8=1}, INTAN PRATAMA={5000000.0=1}, DDR:      15902.08={1.058548792E7=1},  /NEW BRI MOB={4.3252E7=4}, DDR:       7232.32={4814317.68=1}, ADIL WIRAWAN TARSA={4383168.0=1}, EKO SETIAWAN={613310.0=6}, BILYET      900251={1290959.04=1}, GALIH NOOR CAHYO={1.0E8=1}, PRADANA SNEHABANDH={2.5E7=1}, CHRISTINA ESTHER A={807775.0=5}, ADM:00000037163.00={1820977.0=1}, DIAN BUDIANI={2.5E7=1}, CICILIA WANTI WIJA={8369090.0=1}, FERRY SAPUTRA={2.5E7=1}, REYNARD INDRAYADI={97680.0=1}, FREDY CHANDRA={2.5E7=1}, YULIANA SUSANTO={6581250.0=1}, KEVIN KIONG={1.789843E7=1}, ACHMAD FAHRURAZI S={1.0E8=2}, DDR:       7092.64={4721337.36=1}, ANDREW SIMON KHUMA={1.0E7=1}, YONGKY LIENARDI KH={3.4413785E7=1}, DDR:       2727.27={1815452.73=1}, HENRY IREAL FAREIR={7.5E7=1},  KOMISI TGL.={133820.0=1}, WURI NUGRAHATI={4000500.0=1}, PEMBAYARAN MOBIL={3.25E8=1}, DDR:       3168.49={2109161.51=1}, STEVEN TJANDRA={null=5}, SUNDARI={9.9E8=1}, BUNGA={1356805.97=1}, TINTUS AAN KUSUMAW={2.5E7=1},  /PT AKPI={2775000.0=1}, GARUDA TOTALINDO J={6877312.0=1}, ASYA AMARANGANA HA={2258100.0=2}, KINI NOOR CAHYANI={7.5E7=1}, Pemindahbukuan={6.0E8=1}, ADM:00000013081.00={1440419.0=1}, GLASSINDO MOBIL UT={344345.0=1}, DDR:         56.61={37683.39=2}, KUKUH P HARINUGRAH={1.71275E7=1}, UMAR URAY={1.14E7=1}, 00127/SPM-CP/PROC/={1.4E9=1}, DJOKO SUKMANA LEO={1.1726375E7=2}, RISLIANA DEWI={2.5E7=1}, Achmad Amri AP={1.0E8=1}, SADDEWI LANGENNING={7745706.0=1}, FERRY ADINATA={1.4204E7=1}, DDR:      14075.91={9369864.09=1}, AGUS TONI SUTIRTO={2772000.0=1}, HARRY WARGANEGARA={null=2}, CHOLIS BAIDOWI={1.230615E7=1}, HELENA RAHAYU WONO={9274050.0=1}, DDR:      12400.17={8254379.83=1}, LILY DAMAYANTI/EDD={2.5E7=1}, H YUNNO KUSUMO SE={7951500.0=1}, CLAUDYA={2.5E8=1}, DDR:        649.35={432250.65=1}, ADM:00000073171.00={3585389.0=1}, PT Bestindo Car Ut={5.928339E8=1}, DDR:         28.05={18671.95=1}, R UTAMA={7785563.0=1}, MAYBANK INDONESIA={8917500.0=2}, ADM:00000011988.00={1320012.0=1}, DEWI ATIKA SARI={2.5E7=1}, ADM:00000030927.00={1515413.0=1}, SUTJIADI LEDWINA={1.0222719E7=1}, SURIYA AIFAN={5615830.0=1}, ARI WARDOYO/YOHAN={3814915.0=4}, ADM:00000019203.00={940947.0=1}, SETORAN TUNAI={3.2418E8=6}, DDR:      35936.85={2.392196815E7=1}, YA KUSUMO ARIFIN={1.071E9=1}, PT. BESTINDO CAR U={null=9}, DDR:       2997.00={1995003.0=1}}
00:35:52.041 [32m[http-nio-7011-exec-2][0;39m [1;31mERROR[0;39m c.d.e.GlobalDefaultExceptionHandler - endpoint :: POST http://localhost:7011/api/rekening-koran/upload
00:35:52.042 [32m[http-nio-7011-exec-2][0;39m [1;31mERROR[0;39m c.d.e.GlobalDefaultExceptionHandler - Caused by:: java.lang.NullPointerException
00:35:52.104 [32m[http-nio-7011-exec-2][0;39m [1;31mERROR[0;39m c.d.e.GlobalDefaultExceptionHandler - ERROR
java.lang.NullPointerException: null
	at com.danamon.service.impl.GenerateFileExcelServiceImpl.lambda$null$29(GenerateFileExcelServiceImpl.java:570)
	at java.util.ArrayList.forEach(ArrayList.java:1259)
	at com.danamon.service.impl.GenerateFileExcelServiceImpl.lambda$generateSheetTop20Fund$30(GenerateFileExcelServiceImpl.java:559)
	at java.util.ArrayList.forEach(ArrayList.java:1259)
	at com.danamon.service.impl.GenerateFileExcelServiceImpl.generateSheetTop20Fund(GenerateFileExcelServiceImpl.java:518)
	at com.danamon.service.impl.FileServiceImpl.constructByteArrayExcel(FileServiceImpl.java:128)
	at com.danamon.service.impl.RekeningKoranServiceImpl.generateReport(RekeningKoranServiceImpl.java:50)
	at com.danamon.service.impl.RekeningKoranServiceImpl.convertReportRekening(RekeningKoranServiceImpl.java:42)
	at com.danamon.controller.RekeningKoranController$1.processRequest(RekeningKoranController.java:33)
	at com.danamon.controller.AbstractRequestHandler.getResult(AbstractRequestHandler.java:68)
	at com.danamon.controller.RekeningKoranController.uploadFile(RekeningKoranController.java:36)
	at sun.reflect.NativeMethodAccessorImpl.invoke0(Native Method)
	at sun.reflect.NativeMethodAccessorImpl.invoke(NativeMethodAccessorImpl.java:62)
	at sun.reflect.DelegatingMethodAccessorImpl.invoke(DelegatingMethodAccessorImpl.java:43)
	at java.lang.reflect.Method.invoke(Method.java:498)
	at org.springframework.web.method.support.InvocableHandlerMethod.doInvoke(InvocableHandlerMethod.java:190)
	at org.springframework.web.method.support.InvocableHandlerMethod.invokeForRequest(InvocableHandlerMethod.java:138)
	at org.springframework.web.servlet.mvc.method.annotation.ServletInvocableHandlerMethod.invokeAndHandle(ServletInvocableHandlerMethod.java:105)
	at org.springframework.web.servlet.mvc.method.annotation.RequestMappingHandlerAdapter.invokeHandlerMethod(RequestMappingHandlerAdapter.java:879)
	at org.springframework.web.servlet.mvc.method.annotation.RequestMappingHandlerAdapter.handleInternal(RequestMappingHandlerAdapter.java:793)
	at org.springframework.web.servlet.mvc.method.AbstractHandlerMethodAdapter.handle(AbstractHandlerMethodAdapter.java:87)
	at org.springframework.web.servlet.DispatcherServlet.doDispatch(DispatcherServlet.java:1040)
	at org.springframework.web.servlet.DispatcherServlet.doService(DispatcherServlet.java:943)
	at org.springframework.web.servlet.FrameworkServlet.processRequest(FrameworkServlet.java:1006)
	at org.springframework.web.servlet.FrameworkServlet.doPost(FrameworkServlet.java:909)
	at javax.servlet.http.HttpServlet.service(HttpServlet.java:660)
	at org.springframework.web.servlet.FrameworkServlet.service(FrameworkServlet.java:883)
	at javax.servlet.http.HttpServlet.service(HttpServlet.java:741)
	at org.apache.catalina.core.ApplicationFilterChain.internalDoFilter(ApplicationFilterChain.java:231)
	at org.apache.catalina.core.ApplicationFilterChain.doFilter(ApplicationFilterChain.java:166)
	at org.apache.tomcat.websocket.server.WsFilter.doFilter(WsFilter.java:53)
	at org.apache.catalina.core.ApplicationFilterChain.internalDoFilter(ApplicationFilterChain.java:193)
	at org.apache.catalina.core.ApplicationFilterChain.doFilter(ApplicationFilterChain.java:166)
	at com.danamon.config.RequestFilterConfiguration.doFilterWrapped(RequestFilterConfiguration.java:60)
	at com.danamon.config.RequestFilterConfiguration.doFilterInternal(RequestFilterConfiguration.java:48)
	at org.springframework.web.filter.OncePerRequestFilter.doFilter(OncePerRequestFilter.java:119)
	at org.apache.catalina.core.ApplicationFilterChain.internalDoFilter(ApplicationFilterChain.java:193)
	at org.apache.catalina.core.ApplicationFilterChain.doFilter(ApplicationFilterChain.java:166)
	at org.springframework.security.web.FilterChainProxy$VirtualFilterChain.doFilter(FilterChainProxy.java:320)
	at org.springframework.security.web.access.ExceptionTranslationFilter.doFilter(ExceptionTranslationFilter.java:118)
	at org.springframework.security.web.FilterChainProxy$VirtualFilterChain.doFilter(FilterChainProxy.java:334)
	at org.springframework.security.web.session.SessionManagementFilter.doFilter(SessionManagementFilter.java:137)
	at org.springframework.security.web.FilterChainProxy$VirtualFilterChain.doFilter(FilterChainProxy.java:334)
	at org.springframework.security.web.authentication.AnonymousAuthenticationFilter.doFilter(AnonymousAuthenticationFilter.java:111)
	at org.springframework.security.web.FilterChainProxy$VirtualFilterChain.doFilter(FilterChainProxy.java:334)
	at org.springframework.security.web.servletapi.SecurityContextHolderAwareRequestFilter.doFilter(SecurityContextHolderAwareRequestFilter.java:158)
	at org.springframework.security.web.FilterChainProxy$VirtualFilterChain.doFilter(FilterChainProxy.java:334)
	at org.springframework.security.web.savedrequest.RequestCacheAwareFilter.doFilter(RequestCacheAwareFilter.java:63)
	at org.springframework.security.web.FilterChainProxy$VirtualFilterChain.doFilter(FilterChainProxy.java:334)
	at org.springframework.security.web.authentication.logout.LogoutFilter.doFilter(LogoutFilter.java:116)
	at org.springframework.security.web.FilterChainProxy$VirtualFilterChain.doFilter(FilterChainProxy.java:334)
	at org.springframework.web.filter.CorsFilter.doFilterInternal(CorsFilter.java:92)
	at org.springframework.web.filter.OncePerRequestFilter.doFilter(OncePerRequestFilter.java:119)
	at org.springframework.security.web.FilterChainProxy$VirtualFilterChain.doFilter(FilterChainProxy.java:334)
	at org.springframework.security.web.header.HeaderWriterFilter.doHeadersAfter(HeaderWriterFilter.java:92)
	at org.springframework.security.web.header.HeaderWriterFilter.doFilterInternal(HeaderWriterFilter.java:77)
	at org.springframework.web.filter.OncePerRequestFilter.doFilter(OncePerRequestFilter.java:119)
	at org.springframework.security.web.FilterChainProxy$VirtualFilterChain.doFilter(FilterChainProxy.java:334)
	at org.springframework.security.web.context.SecurityContextPersistenceFilter.doFilter(SecurityContextPersistenceFilter.java:105)
	at org.springframework.security.web.FilterChainProxy$VirtualFilterChain.doFilter(FilterChainProxy.java:334)
	at org.springframework.security.web.context.request.async.WebAsyncManagerIntegrationFilter.doFilterInternal(WebAsyncManagerIntegrationFilter.java:56)
	at org.springframework.web.filter.OncePerRequestFilter.doFilter(OncePerRequestFilter.java:119)
	at org.springframework.security.web.FilterChainProxy$VirtualFilterChain.doFilter(FilterChainProxy.java:334)
	at org.springframework.security.web.FilterChainProxy.doFilterInternal(FilterChainProxy.java:215)
	at org.springframework.security.web.FilterChainProxy.doFilter(FilterChainProxy.java:178)
	at org.springframework.web.filter.DelegatingFilterProxy.invokeDelegate(DelegatingFilterProxy.java:358)
	at org.springframework.web.filter.DelegatingFilterProxy.doFilter(DelegatingFilterProxy.java:271)
	at org.apache.catalina.core.ApplicationFilterChain.internalDoFilter(ApplicationFilterChain.java:193)
	at org.apache.catalina.core.ApplicationFilterChain.doFilter(ApplicationFilterChain.java:166)
	at org.springframework.web.filter.RequestContextFilter.doFilterInternal(RequestContextFilter.java:100)
	at org.springframework.web.filter.OncePerRequestFilter.doFilter(OncePerRequestFilter.java:119)
	at org.apache.catalina.core.ApplicationFilterChain.internalDoFilter(ApplicationFilterChain.java:193)
	at org.apache.catalina.core.ApplicationFilterChain.doFilter(ApplicationFilterChain.java:166)
	at org.springframework.web.filter.FormContentFilter.doFilterInternal(FormContentFilter.java:93)
	at org.springframework.web.filter.OncePerRequestFilter.doFilter(OncePerRequestFilter.java:119)
	at org.apache.catalina.core.ApplicationFilterChain.internalDoFilter(ApplicationFilterChain.java:193)
	at org.apache.catalina.core.ApplicationFilterChain.doFilter(ApplicationFilterChain.java:166)
	at org.springframework.boot.actuate.metrics.web.servlet.WebMvcMetricsFilter.doFilterInternal(WebMvcMetricsFilter.java:109)
	at org.springframework.web.filter.OncePerRequestFilter.doFilter(OncePerRequestFilter.java:119)
	at org.apache.catalina.core.ApplicationFilterChain.internalDoFilter(ApplicationFilterChain.java:193)
	at org.apache.catalina.core.ApplicationFilterChain.doFilter(ApplicationFilterChain.java:166)
	at org.springframework.web.filter.CharacterEncodingFilter.doFilterInternal(CharacterEncodingFilter.java:201)
	at org.springframework.web.filter.OncePerRequestFilter.doFilter(OncePerRequestFilter.java:119)
	at org.apache.catalina.core.ApplicationFilterChain.internalDoFilter(ApplicationFilterChain.java:193)
	at org.apache.catalina.core.ApplicationFilterChain.doFilter(ApplicationFilterChain.java:166)
	at org.apache.catalina.core.StandardWrapperValve.invoke(StandardWrapperValve.java:202)
	at org.apache.catalina.core.StandardContextValve.invoke(StandardContextValve.java:96)
	at org.apache.catalina.authenticator.AuthenticatorBase.invoke(AuthenticatorBase.java:541)
	at org.apache.catalina.core.StandardHostValve.invoke(StandardHostValve.java:139)
	at org.apache.catalina.valves.ErrorReportValve.invoke(ErrorReportValve.java:92)
	at org.apache.catalina.core.StandardEngineValve.invoke(StandardEngineValve.java:74)
	at org.apache.catalina.connector.CoyoteAdapter.service(CoyoteAdapter.java:343)
	at org.apache.coyote.http11.Http11Processor.service(Http11Processor.java:373)
	at org.apache.coyote.AbstractProcessorLight.process(AbstractProcessorLight.java:65)
	at org.apache.coyote.AbstractProtocol$ConnectionHandler.process(AbstractProtocol.java:868)
	at org.apache.tomcat.util.net.NioEndpoint$SocketProcessor.doRun(NioEndpoint.java:1594)
	at org.apache.tomcat.util.net.SocketProcessorBase.run(SocketProcessorBase.java:49)
	at java.util.concurrent.ThreadPoolExecutor.runWorker(ThreadPoolExecutor.java:1149)
	at java.util.concurrent.ThreadPoolExecutor$Worker.run(ThreadPoolExecutor.java:624)
	at org.apache.tomcat.util.threads.TaskThread$WrappingRunnable.run(TaskThread.java:61)
	at java.lang.Thread.run(Thread.java:748)
00:35:53.293 [32m[http-nio-7011-exec-2][0;39m [34mINFO [0;39m c.d.c.RequestFilterConfiguration - 0:0:0:0:0:0:0:1|< 500 Internal Server Error
00:35:53.294 [32m[http-nio-7011-exec-2][0;39m [34mINFO [0;39m c.d.c.RequestFilterConfiguration - 0:0:0:0:0:0:0:1|< Vary: Origin
00:35:53.295 [32m[http-nio-7011-exec-2][0;39m [34mINFO [0;39m c.d.c.RequestFilterConfiguration - 0:0:0:0:0:0:0:1|< Vary: Access-Control-Request-Method
00:35:53.295 [32m[http-nio-7011-exec-2][0;39m [34mINFO [0;39m c.d.c.RequestFilterConfiguration - 0:0:0:0:0:0:0:1|< Vary: Access-Control-Request-Headers
00:35:53.295 [32m[http-nio-7011-exec-2][0;39m [34mINFO [0;39m c.d.c.RequestFilterConfiguration - 0:0:0:0:0:0:0:1|< Vary: Origin
00:35:53.295 [32m[http-nio-7011-exec-2][0;39m [34mINFO [0;39m c.d.c.RequestFilterConfiguration - 0:0:0:0:0:0:0:1|< Vary: Access-Control-Request-Method
00:35:53.295 [32m[http-nio-7011-exec-2][0;39m [34mINFO [0;39m c.d.c.RequestFilterConfiguration - 0:0:0:0:0:0:0:1|< Vary: Access-Control-Request-Headers
00:35:53.686 [32m[http-nio-7011-exec-2][0;39m [34mINFO [0;39m c.d.c.RequestFilterConfiguration - 0:0:0:0:0:0:0:1|< Vary: Origin
00:35:53.686 [32m[http-nio-7011-exec-2][0;39m [34mINFO [0;39m c.d.c.RequestFilterConfiguration - 0:0:0:0:0:0:0:1|< Vary: Access-Control-Request-Method
00:35:53.686 [32m[http-nio-7011-exec-2][0;39m [34mINFO [0;39m c.d.c.RequestFilterConfiguration - 0:0:0:0:0:0:0:1|< Vary: Access-Control-Request-Headers
00:35:53.687 [32m[http-nio-7011-exec-2][0;39m [34mINFO [0;39m c.d.c.RequestFilterConfiguration -  --- Response Body ---
00:35:53.691 [32m[http-nio-7011-exec-2][0;39m [34mINFO [0;39m c.d.c.RequestFilterConfiguration - ResponseBody : "{\"message\":\"ERROR\",\"result\":null}"
00:40:27.020 [32m[SpringContextShutdownHook][0;39m [34mINFO [0;39m o.s.s.c.ThreadPoolTaskExecutor - Shutting down ExecutorService 'applicationTaskExecutor'
00:40:27.033 [32m[SpringContextShutdownHook][0;39m [34mINFO [0;39m o.s.o.j.LocalContainerEntityManagerFactoryBean - Closing JPA EntityManagerFactory for persistence unit 'entityManagerFactory'
00:42:11.931 [32m[main][0;39m [31mWARN [0;39m o.s.boot.StartupInfoLogger - InetAddress.getLocalHost().getHostName() took 5003 milliseconds to respond. Please verify your network configuration (macOS machines may need to add entries to /etc/hosts).
00:42:58.636 [32m[main][0;39m [34mINFO [0;39m com.danamon.RekeningKoranApplication - Starting RekeningKoranApplication on Tamys-MacBook-Pro.local with PID 3769 (/Users/tamysihotang/Documents/Danamon/Rekening Koran/target/classes started by tamysihotang in /Users/tamysihotang/Documents/Danamon/Rekening Koran)
00:42:58.637 [32m[main][0;39m [39mDEBUG[0;39m com.danamon.RekeningKoranApplication - Running with Spring Boot v2.2.6.RELEASE, Spring v5.2.5.RELEASE
00:42:58.637 [32m[main][0;39m [34mINFO [0;39m com.danamon.RekeningKoranApplication - The following profiles are active: staging
00:43:03.800 [32m[main][0;39m [34mINFO [0;39m o.s.d.r.c.RepositoryConfigurationDelegate - Bootstrapping Spring Data repositories in DEFAULT mode.
00:43:04.286 [32m[main][0;39m [34mINFO [0;39m o.s.d.r.c.RepositoryConfigurationDelegate - Finished Spring Data repository scanning in 352ms. Found 3 repository interfaces.
00:43:05.267 [32m[main][0;39m [31mWARN [0;39m o.m.s.mapper.ClassPathMapperScanner - No MyBatis mapper was found in '[com.danamon]' package. Please check your configuration.
00:43:09.923 [32m[main][0;39m [34mINFO [0;39m o.s.b.w.e.tomcat.TomcatWebServer - Tomcat initialized with port(s): 7011 (http)
00:43:09.976 [32m[main][0;39m [34mINFO [0;39m o.a.coyote.http11.Http11NioProtocol - Initializing ProtocolHandler ["http-nio-7011"]
00:43:10.016 [32m[main][0;39m [34mINFO [0;39m o.a.catalina.core.StandardService - Starting service [Tomcat]
00:43:10.016 [32m[main][0;39m [34mINFO [0;39m o.a.catalina.core.StandardEngine - Starting Servlet engine: [Apache Tomcat/9.0.33]
00:43:11.245 [32m[main][0;39m [34mINFO [0;39m o.a.c.c.C.[Tomcat].[localhost].[/] - Initializing Spring embedded WebApplicationContext
00:43:11.246 [32m[main][0;39m [34mINFO [0;39m o.s.web.context.ContextLoader - Root WebApplicationContext: initialization completed in 12504 ms
00:43:14.544 [32m[main][0;39m [39mDEBUG[0;39m c.d.c.RequestFilterConfiguration - Filter 'requestFilterConfiguration' configured for use
00:43:14.874 [32m[main][0;39m [34mINFO [0;39m o.h.jpa.internal.util.LogHelper - HHH000204: Processing PersistenceUnitInfo [name: entityManagerFactory]
00:43:15.338 [32m[main][0;39m [34mINFO [0;39m org.hibernate.Version - HHH000412: Hibernate ORM core version 5.4.12.Final
00:43:16.124 [32m[main][0;39m [34mINFO [0;39m o.h.annotations.common.Version - HCANN000001: Hibernate Commons Annotations {5.1.0.Final}
00:43:18.297 [32m[main][0;39m [34mINFO [0;39m org.hibernate.dialect.Dialect - HHH000400: Using dialect: org.hibernate.dialect.PostgreSQLDialect
00:43:23.949 [32m[main][0;39m [34mINFO [0;39m o.h.e.t.j.p.i.JtaPlatformInitiator - HHH000490: Using JtaPlatform implementation: [org.hibernate.engine.transaction.jta.platform.internal.NoJtaPlatform]
00:43:23.974 [32m[main][0;39m [34mINFO [0;39m o.s.o.j.LocalContainerEntityManagerFactoryBean - Initialized JPA EntityManagerFactory for persistence unit 'entityManagerFactory'
00:43:25.108 [32m[main][0;39m [31mWARN [0;39m o.s.b.a.o.j.JpaBaseConfiguration$JpaWebConfiguration - spring.jpa.open-in-view is enabled by default. Therefore, database queries may be performed during view rendering. Explicitly configure spring.jpa.open-in-view to disable this warning
00:43:30.720 [32m[main][0;39m [34mINFO [0;39m o.s.b.a.e.web.EndpointLinksResolver - Exposing 2 endpoint(s) beneath base path '/actuator'
00:43:31.453 [32m[main][0;39m [34mINFO [0;39m o.s.b.a.s.s.UserDetailsServiceAutoConfiguration - 

Using generated security password: 468be477-713e-4d62-88e2-5f6e36524da6

00:43:32.057 [32m[main][0;39m [34mINFO [0;39m s.d.s.w.PropertySourcedRequestMappingHandlerMapping - Mapped URL path [/v2/api-docs] onto method [springfox.documentation.swagger2.web.Swagger2Controller#getDocumentation(String, HttpServletRequest)]
00:43:32.403 [32m[main][0;39m [34mINFO [0;39m o.s.s.web.DefaultSecurityFilterChain - Creating filter chain: any request, [org.springframework.security.web.context.request.async.WebAsyncManagerIntegrationFilter@2e07dc23, org.springframework.security.web.context.SecurityContextPersistenceFilter@5dcec8e9, org.springframework.security.web.header.HeaderWriterFilter@68a1bb31, org.springframework.web.filter.CorsFilter@7859fc7, org.springframework.security.web.authentication.logout.LogoutFilter@46c093b4, org.springframework.security.web.savedrequest.RequestCacheAwareFilter@73543048, org.springframework.security.web.servletapi.SecurityContextHolderAwareRequestFilter@6b6cf3c1, org.springframework.security.web.authentication.AnonymousAuthenticationFilter@519e14f6, org.springframework.security.web.session.SessionManagementFilter@6bca6c4c, org.springframework.security.web.access.ExceptionTranslationFilter@2ac00dc9]
00:43:32.790 [32m[main][0;39m [34mINFO [0;39m o.s.s.c.ThreadPoolTaskExecutor - Initializing ExecutorService 'applicationTaskExecutor'
00:43:35.268 [32m[main][0;39m [34mINFO [0;39m o.s.u.f.SpringTemplateLoader - SpringTemplateLoader for FreeMarker: using resource loader [org.springframework.boot.web.servlet.context.AnnotationConfigServletWebServerApplicationContext@2dd80673, started on Fri Nov 11 00:42:58 WIB 2022] and template loader path [classpath:/templates/]
00:43:35.355 [32m[main][0;39m [31mWARN [0;39m o.s.b.a.f.FreeMarkerAutoConfiguration - Cannot find template location(s): [classpath:/templates/] (please add some templates, check your FreeMarker configuration, or set spring.freemarker.checkTemplateLocation=false)
00:43:35.648 [32m[main][0;39m [34mINFO [0;39m s.d.s.w.p.DocumentationPluginsBootstrapper - Context refreshed
00:43:35.742 [32m[main][0;39m [34mINFO [0;39m s.d.s.w.p.DocumentationPluginsBootstrapper - Found 1 custom documentation plugin(s)
00:43:35.931 [32m[main][0;39m [34mINFO [0;39m s.d.s.w.s.ApiListingReferenceScanner - Scanning for api listing references
00:43:36.632 [32m[main][0;39m [34mINFO [0;39m o.a.coyote.http11.Http11NioProtocol - Starting ProtocolHandler ["http-nio-7011"]
00:43:36.818 [32m[main][0;39m [34mINFO [0;39m o.s.b.w.e.tomcat.TomcatWebServer - Tomcat started on port(s): 7011 (http) with context path ''
00:43:36.859 [32m[main][0;39m [34mINFO [0;39m com.danamon.RekeningKoranApplication - Started RekeningKoranApplication in 102.233 seconds (JVM running for 105.386)
00:43:41.791 [32m[http-nio-7011-exec-1][0;39m [34mINFO [0;39m o.a.c.c.C.[Tomcat].[localhost].[/] - Initializing Spring DispatcherServlet 'dispatcherServlet'
00:43:41.794 [32m[http-nio-7011-exec-1][0;39m [34mINFO [0;39m o.s.web.servlet.DispatcherServlet - Initializing Servlet 'dispatcherServlet'
00:43:41.837 [32m[http-nio-7011-exec-1][0;39m [34mINFO [0;39m o.s.web.servlet.DispatcherServlet - Completed initialization in 42 ms
00:43:42.019 [32m[http-nio-7011-exec-1][0;39m [34mINFO [0;39m c.d.c.RequestFilterConfiguration - 0:0:0:0:0:0:0:1|> POST /api/rekening-koran/upload
00:45:15.799 [32m[http-nio-7011-exec-1][0;39m [34mINFO [0;39m c.d.c.RequestFilterConfiguration - 0:0:0:0:0:0:0:1|< 200 OK
00:45:15.814 [32m[http-nio-7011-exec-1][0;39m [34mINFO [0;39m c.d.c.RequestFilterConfiguration - 0:0:0:0:0:0:0:1|< Vary: Origin
00:45:15.814 [32m[http-nio-7011-exec-1][0;39m [34mINFO [0;39m c.d.c.RequestFilterConfiguration - 0:0:0:0:0:0:0:1|< Vary: Access-Control-Request-Method
00:45:15.815 [32m[http-nio-7011-exec-1][0;39m [34mINFO [0;39m c.d.c.RequestFilterConfiguration - 0:0:0:0:0:0:0:1|< Vary: Access-Control-Request-Headers
00:45:15.815 [32m[http-nio-7011-exec-1][0;39m [34mINFO [0;39m c.d.c.RequestFilterConfiguration - 0:0:0:0:0:0:0:1|< Vary: Origin
00:45:15.815 [32m[http-nio-7011-exec-1][0;39m [34mINFO [0;39m c.d.c.RequestFilterConfiguration - 0:0:0:0:0:0:0:1|< Vary: Access-Control-Request-Method
00:45:15.815 [32m[http-nio-7011-exec-1][0;39m [34mINFO [0;39m c.d.c.RequestFilterConfiguration - 0:0:0:0:0:0:0:1|< Vary: Access-Control-Request-Headers
00:45:15.815 [32m[http-nio-7011-exec-1][0;39m [34mINFO [0;39m c.d.c.RequestFilterConfiguration - 0:0:0:0:0:0:0:1|< Vary: Origin
00:45:15.815 [32m[http-nio-7011-exec-1][0;39m [34mINFO [0;39m c.d.c.RequestFilterConfiguration - 0:0:0:0:0:0:0:1|< Vary: Access-Control-Request-Method
00:45:15.815 [32m[http-nio-7011-exec-1][0;39m [34mINFO [0;39m c.d.c.RequestFilterConfiguration - 0:0:0:0:0:0:0:1|< Vary: Access-Control-Request-Headers
00:45:15.817 [32m[http-nio-7011-exec-1][0;39m [34mINFO [0;39m c.d.c.RequestFilterConfiguration -  --- Response Body ---
00:45:15.845 [32m[http-nio-7011-exec-1][0;39m [34mINFO [0;39m c.d.c.RequestFilterConfiguration - ResponseBody : "{\"message\":\"OK\",\"result\":\"Report.xlsx\"}"
